<?xml version="1.0" encoding="UTF-8" standalone="no"?><testsuite errors="0" failures="0" hostname="pavlov-VirtualBox" name="default.tests" tests="4" time="0.103000"><properties>
[...]
</properties><testcase classname="default.tests" name="integrationTest_DefaultTree" time="0.0210000"/><testcase classname="default.tests" name="HeightPerGate_DefaultTree" time="0.0110000"/><testcase classname="default.tests" name="DepthPerGate_DefaultTree" time="0.00900000"/><testcase classname="default.tests" name="DepthPerGate_DefaultTree" time="0.0100000"/><system-out>(D:O,E:O,F:O,G:O||B:O,C:O,X:O,A:O,Y:O) = s0
(D:O,E:O,F:O,G:O||B:O,C:O,X:O,A:O,Y:O) = goalState
Test integrationTest_DefaultTree {} passed [cpu: 18 ms, wallclock: 21 ms]
Test HeightPerGate_DefaultTree {} passed [cpu: 10 ms, wallclock: 11 ms]
A
Sequence {2}
B
Sequence {3}
C
Sequence {3, 4, 3}
Y
Sequence {3, 2}
Test DepthPerGate_DefaultTree {} passed [cpu: 8 ms, wallclock: 9 ms]
Test DepthPerGate_DefaultTree {} passed [cpu: 9 ms, wallclock: 10 ms]
Test root {} passed [cpu: 50 ms, wallclock: 103 ms]
</system-out><system-err/></testsuite>